<?xml version="1.0" encoding="UTF-8"?>
<testng-results skipped="0" failed="0" ignored="0" total="7" passed="7">
  <reporter-output>
  </reporter-output>
  <suite name="用户管理系统测试套件" duration-ms="22129" started-at="2021-04-09T06:38:02Z" finished-at="2021-04-09T06:38:24Z">
    <groups>
      <group name="loginTrue">
        <method signature="LoginTest.loginTrue()[pri:0, instance:com.course.cases.LoginTest@5700d6b1]" name="loginTrue" class="com.course.cases.LoginTest"/>
      </group> <!-- loginTrue -->
      <group name="loginFalse">
        <method signature="LoginTest.loginFalse()[pri:0, instance:com.course.cases.LoginTest@5700d6b1]" name="loginFalse" class="com.course.cases.LoginTest"/>
      </group> <!-- loginFalse -->
    </groups>
    <test name="用户管理系统测试用例" duration-ms="22129" started-at="2021-04-09T06:38:02Z" finished-at="2021-04-09T06:38:24Z">
      <class name="com.course.cases.UpdateUserInfoTest">
        <test-method status="PASS" signature="updateUserInfo()[pri:0, instance:com.course.cases.UpdateUserInfoTest@31a5c39e]" name="updateUserInfo" duration-ms="3064" depends-on-groups="loginTrue" started-at="2021-04-09T14:38:18Z" description="更改用户信息接口测试用例" finished-at="2021-04-09T14:38:21Z">
          <reporter-output>
          </reporter-output>
        </test-method> <!-- updateUserInfo -->
        <test-method status="PASS" signature="deleteUser()[pri:0, instance:com.course.cases.UpdateUserInfoTest@31a5c39e]" name="deleteUser" duration-ms="3060" depends-on-groups="loginTrue" started-at="2021-04-09T14:38:21Z" description="删除用户信息" finished-at="2021-04-09T14:38:24Z">
          <reporter-output>
          </reporter-output>
        </test-method> <!-- deleteUser -->
      </class> <!-- com.course.cases.UpdateUserInfoTest -->
      <class name="com.course.cases.GetUserInfoTest">
        <test-method status="PASS" signature="getUerInfoTest()[pri:0, instance:com.course.cases.GetUserInfoTest@e45f292]" name="getUerInfoTest" duration-ms="44" depends-on-groups="loginTrue" started-at="2021-04-09T14:38:18Z" description="获取userId为1的用户信息" finished-at="2021-04-09T14:38:18Z">
          <reporter-output>
          </reporter-output>
        </test-method> <!-- getUerInfoTest -->
      </class> <!-- com.course.cases.GetUserInfoTest -->
      <class name="com.course.cases.LoginTest">
        <test-method status="PASS" signature="beforeTest()[pri:0, instance:com.course.cases.LoginTest@5700d6b1]" name="beforeTest" is-config="true" duration-ms="65" started-at="2021-04-09T14:38:02Z" description="测试准备工作，获取httpclient对象" finished-at="2021-04-09T14:38:02Z">
          <reporter-output>
          </reporter-output>
        </test-method> <!-- beforeTest -->
        <test-method status="PASS" signature="loginTrue()[pri:0, instance:com.course.cases.LoginTest@5700d6b1]" name="loginTrue" duration-ms="656" started-at="2021-04-09T14:38:02Z" description="用户登录成功接口测试" finished-at="2021-04-09T14:38:03Z">
          <reporter-output>
          </reporter-output>
        </test-method> <!-- loginTrue -->
        <test-method status="PASS" signature="loginFalse()[pri:0, instance:com.course.cases.LoginTest@5700d6b1]" name="loginFalse" duration-ms="51" started-at="2021-04-09T14:38:03Z" description="用户登录失败接口测试" finished-at="2021-04-09T14:38:03Z">
          <reporter-output>
          </reporter-output>
        </test-method> <!-- loginFalse -->
      </class> <!-- com.course.cases.LoginTest -->
      <class name="com.course.cases.AddUserTest">
        <test-method status="PASS" signature="addUser()[pri:0, instance:com.course.cases.AddUserTest@6fd02e5]" name="addUser" duration-ms="15111" depends-on-groups="loginTrue" started-at="2021-04-09T14:38:03Z" description="添加用户接口测试" finished-at="2021-04-09T14:38:18Z">
          <reporter-output>
          </reporter-output>
        </test-method> <!-- addUser -->
      </class> <!-- com.course.cases.AddUserTest -->
      <class name="com.course.cases.GetUserInfoListTest">
        <test-method status="PASS" signature="getUserListInfo()[pri:0, instance:com.course.cases.GetUserInfoListTest@5f2108b5]" name="getUserListInfo" duration-ms="61" depends-on-groups="loginTrue" started-at="2021-04-09T14:38:18Z" description="获取性别为男的用户信息" finished-at="2021-04-09T14:38:18Z">
          <reporter-output>
          </reporter-output>
        </test-method> <!-- getUserListInfo -->
      </class> <!-- com.course.cases.GetUserInfoListTest -->
    </test> <!-- 用户管理系统测试用例 -->
  </suite> <!-- 用户管理系统测试套件 -->
</testng-results>
