<?xml version="1.0" encoding="UTF-8"?>
<!-- Generated by org.testng.reporters.JUnitXMLReporter -->
<testsuite hostname="DESKTOP-0EGIJD1" ignored="0" name="用户管理系统测试用例" tests="7" failures="0" timestamp="09 四月 2021 06:38:24 GMT" time="22.129" errors="0">
  <testcase name="loginTrue" time="0.656" classname="com.course.cases.LoginTest"/>
  <testcase name="loginFalse" time="0.051" classname="com.course.cases.LoginTest"/>
  <testcase name="addUser" time="15.111" classname="com.course.cases.AddUserTest"/>
  <testcase name="getUerInfoTest" time="0.044" classname="com.course.cases.GetUserInfoTest"/>
  <testcase name="getUserListInfo" time="0.061" classname="com.course.cases.GetUserInfoListTest"/>
  <testcase name="updateUserInfo" time="3.064" classname="com.course.cases.UpdateUserInfoTest"/>
  <testcase name="deleteUser" time="3.06" classname="com.course.cases.UpdateUserInfoTest"/>
</testsuite> <!-- 用户管理系统测试用例 -->
