<?xml version="1.0" encoding="UTF-8"?>
<!-- Generated by org.testng.reporters.JUnitXMLReporter -->
<testsuite hostname="DESKTOP-0EGIJD1" ignored="0" name="用户管理系统测试用例" tests="7" failures="1" timestamp="15 四月 2021 06:22:24 GMT" time="23.392" errors="0">
  <testcase name="loginTrue" time="1.517" classname="com.course.cases.LoginTest"/>
  <testcase name="loginFalse" time="0.062" classname="com.course.cases.LoginTest"/>
  <testcase name="addUser" time="15.161" classname="com.course.cases.AddUserTest">
    <failure type="java.lang.NullPointerException">
      <![CDATA[java.lang.NullPointerException
	at com.course.cases.AddUserTest.addUser(AddUserTest.java:44)
... Removed 25 stack frames]]>
    </failure>
  </testcase> <!-- addUser -->
  <testcase name="getUerInfoTest" time="0.108" classname="com.course.cases.GetUserInfoTest"/>
  <testcase name="getUserListInfo" time="0.215" classname="com.course.cases.GetUserInfoListTest"/>
  <testcase name="updateUserInfo" time="3.067" classname="com.course.cases.UpdateUserInfoTest"/>
  <testcase name="deleteUser" time="3.063" classname="com.course.cases.UpdateUserInfoTest"/>
</testsuite> <!-- 用户管理系统测试用例 -->
