<?xml version="1.0" encoding="UTF-8"?>
<testsuite xmlns:xsi="http://www.w3.org/2001/XMLSchema-instance" xsi:schemaLocation="https://maven.apache.org/surefire/maven-surefire-plugin/xsd/surefire-test-report.xsd" name="TestSuite" time="11.323" tests="7" errors="0" skipped="5" failures="2">
  <properties>
[...]
</properties>
  <testcase name="loginTrue" classname="com.course.cases.LoginTest" time="5.322">
    <failure message="Connection to http://localhost:8998 refused" type="org.apache.http.conn.HttpHostConnectException">org.apache.http.conn.HttpHostConnectException: Connection to http://localhost:8998 refused
	at com.course.cases.LoginTest.getResult(LoginTest.java:74)
	at com.course.cases.LoginTest.loginTrue(LoginTest.java:42)
Caused by: java.net.ConnectException: Connection refused: connect
	at com.course.cases.LoginTest.getResult(LoginTest.java:74)
	at com.course.cases.LoginTest.loginTrue(LoginTest.java:42)
</failure>
    <system-out><![CDATA[14:55:04.491 [main] DEBUG org.apache.ibatis.logging.LogFactory - Logging initialized using 'class org.apache.ibatis.logging.slf4j.Slf4jImpl' adapter.
Logging initialized using 'class org.apache.ibatis.logging.stdout.StdOutImpl' adapter.
PooledDataSource forcefully closed/removed all connections.
PooledDataSource forcefully closed/removed all connections.
PooledDataSource forcefully closed/removed all connections.
PooledDataSource forcefully closed/removed all connections.
Opening JDBC Connection
Created connection 1991278377.
Setting autocommit to false on JDBC Connection [com.mysql.cj.jdbc.ConnectionImpl@76b07f29]
==>  Preparing: select * from loginCase where id = ?; 
==> Parameters: 1(Integer)
<==    Columns: id, userName, password, expected
<==        Row: 1, zhangsan, 123456, true
<==      Total: 1
LoginCase(id=1, userName=zhangsan, password=123456, expected=true)
http://localhost:8998/v1/login
14:55:05.582 [main] DEBUG o.a.h.i.conn.SingleClientConnManager - Get connection for route HttpRoute[{}->http://localhost:8998]
14:55:05.584 [main] DEBUG o.a.h.i.c.DefaultClientConnectionOperator - Connecting to localhost:8998
14:55:07.616 [main] DEBUG o.a.h.i.c.DefaultClientConnectionOperator - Connect to localhost:8998 timed out. Connection will be retried using another IP address
14:55:07.616 [main] DEBUG o.a.h.i.c.DefaultClientConnectionOperator - Connecting to localhost:8998
14:55:09.664 [main] DEBUG o.a.h.i.conn.DefaultClientConnection - Connection closed
14:55:09.664 [main] DEBUG o.a.h.i.conn.DefaultClientConnection - Connection shut down
14:55:09.664 [main] DEBUG o.a.h.i.conn.SingleClientConnManager - Releasing connection org.apache.http.impl.conn.SingleClientConnManager$ConnAdapter@479ceda0
]]></system-out>
  </testcase>
  <testcase name="loginFalse" classname="com.course.cases.LoginTest" time="4.158">
    <failure message="Connection to http://localhost:8998 refused" type="org.apache.http.conn.HttpHostConnectException">org.apache.http.conn.HttpHostConnectException: Connection to http://localhost:8998 refused
	at com.course.cases.LoginTest.getResult(LoginTest.java:74)
	at com.course.cases.LoginTest.loginFalse(LoginTest.java:57)
Caused by: java.net.ConnectException: Connection refused: connect
	at com.course.cases.LoginTest.getResult(LoginTest.java:74)
	at com.course.cases.LoginTest.loginFalse(LoginTest.java:57)
</failure>
    <system-out><![CDATA[Logging initialized using 'class org.apache.ibatis.logging.stdout.StdOutImpl' adapter.
PooledDataSource forcefully closed/removed all connections.
PooledDataSource forcefully closed/removed all connections.
PooledDataSource forcefully closed/removed all connections.
PooledDataSource forcefully closed/removed all connections.
Opening JDBC Connection
Created connection 94157402.
Setting autocommit to false on JDBC Connection [com.mysql.cj.jdbc.ConnectionImpl@59cba5a]
==>  Preparing: select * from loginCase where id = ?; 
==> Parameters: 2(Integer)
<==    Columns: id, userName, password, expected
<==        Row: 2, zhangsan, 123, false
<==      Total: 1
LoginCase(id=2, userName=zhangsan, password=123, expected=false)
http://localhost:8998/v1/login
14:55:09.741 [main] DEBUG o.a.h.i.conn.SingleClientConnManager - Get connection for route HttpRoute[{}->http://localhost:8998]
14:55:09.741 [main] DEBUG o.a.h.i.c.DefaultClientConnectionOperator - Connecting to localhost:8998
14:55:11.785 [main] DEBUG o.a.h.i.c.DefaultClientConnectionOperator - Connect to localhost:8998 timed out. Connection will be retried using another IP address
14:55:11.785 [main] DEBUG o.a.h.i.c.DefaultClientConnectionOperator - Connecting to localhost:8998
14:55:13.826 [main] DEBUG o.a.h.i.conn.DefaultClientConnection - Connection closed
14:55:13.826 [main] DEBUG o.a.h.i.conn.DefaultClientConnection - Connection shut down
14:55:13.826 [main] DEBUG o.a.h.i.conn.SingleClientConnManager - Releasing connection org.apache.http.impl.conn.SingleClientConnManager$ConnAdapter@6f19ac19
]]></system-out>
  </testcase>
  <testcase name="addUser" classname="com.course.cases.AddUserTest" time="0">
    <skipped message="Method AddUserTest.addUser()[pri:0, instance:com.course.cases.AddUserTest@5a61f5df] depends on not successfully finished methods in group &quot;loginTrue&quot;"/>
  </testcase>
  <testcase name="getUerInfoTest" classname="com.course.cases.GetUserInfoTest" time="0">
    <skipped message="Method GetUserInfoTest.getUerInfoTest()[pri:0, instance:com.course.cases.GetUserInfoTest@531be3c5] depends on not successfully finished methods in group &quot;loginTrue&quot;"/>
  </testcase>
  <testcase name="getUserListInfo" classname="com.course.cases.GetUserInfoListTest" time="0">
    <skipped message="Method GetUserInfoListTest.getUserListInfo()[pri:0, instance:com.course.cases.GetUserInfoListTest@52af6cff] depends on not successfully finished methods in group &quot;loginTrue&quot;"/>
  </testcase>
  <testcase name="updateUserInfo" classname="com.course.cases.UpdateUserInfoTest" time="0">
    <skipped message="Method UpdateUserInfoTest.updateUserInfo()[pri:0, instance:com.course.cases.UpdateUserInfoTest@735b478] depends on not successfully finished methods in group &quot;loginTrue&quot;"/>
  </testcase>
  <testcase name="deleteUser" classname="com.course.cases.UpdateUserInfoTest" time="0">
    <skipped message="Method UpdateUserInfoTest.deleteUser()[pri:0, instance:com.course.cases.UpdateUserInfoTest@735b478] depends on not successfully finished methods in group &quot;loginTrue&quot;"/>
  </testcase>
</testsuite>